<?xml version="1.0" encoding="UTF-8"?>
<!-- Generated by org.testng.reporters.JUnitReportReporter -->
<testsuite hostname="TXHYD_LAP_087" failures="0" tests="1" name="Gomo.QRHooks" time="55.687" errors="0" timestamp="29 Mar 2022 08:46:49 GMT">
  <testcase classname="Gomo.QRHooks" name="createAccount" time="55.687"/>
</testsuite> <!-- Gomo.QRHooks -->
