<?xml version="1.0" encoding="UTF-8"?>
<!-- Generated by org.testng.reporters.JUnitReportReporter -->
<testsuite hostname="INKOD2LP02455" failures="0" tests="1" name="Gomo.Gomo" time="273.048" errors="0" timestamp="11 Feb 2022 06:04:36 GMT">
  <testcase classname="Gomo.Gomo" name="SimPurchase_GCash" time="273.048"/>
</testsuite> <!-- Gomo.Gomo -->
