<?xml version="1.0" encoding="UTF-8"?>
<!-- Generated by org.testng.reporters.JUnitReportReporter -->
<testsuite hostname="LAPTOP-OUVR66KP" failures="0" tests="1" name="SSP.SelfServicePortal.SSP" time="20.814" errors="0" timestamp="25 Jan 2021 08:17:59 GMT">
  <testcase classname="SSP.SelfServicePortal.SSP" name="login" time="20.814"/>
</testsuite> <!-- SSP.SelfServicePortal.SSP -->
