<?xml version="1.0" encoding="UTF-8"?>
<!-- Generated by org.testng.reporters.JUnitReportReporter -->
<testsuite hostname="TXHYD_LAP_087" failures="0" tests="1" name="QRWeb.QRHooks" time="41.848" errors="0" timestamp="2 May 2022 07:01:20 GMT">
  <testcase classname="QRWeb.QRHooks" name="createQRCodeforbatchFile" time="41.848"/>
</testsuite> <!-- QRWeb.QRHooks -->
