<?xml version="1.0" encoding="UTF-8"?>
<!-- Generated by org.testng.reporters.JUnitReportReporter -->
<testsuite hostname="TXHYD_LAP_087" name="QRWeb.QRHooks" tests="17" failures="0" timestamp="5 Apr 2022 12:06:16 GMT" time="674.604" errors="0">
  <testcase name="groupsandSubGroups" time="33.001" classname="QRWeb.QRHooks"/>
  <testcase name="IncorrectPasword" time="4.114" classname="QRWeb.QRHooks"/>
  <testcase name="updatetheGorup" time="49.031" classname="QRWeb.QRHooks"/>
  <testcase name="ValidatingTheDyanamicQRCode" time="35.852" classname="QRWeb.QRHooks"/>
  <testcase name="validateGroupandSubGroups" time="19.949" classname="QRWeb.QRHooks"/>
  <testcase name="validationForMultipuleQRCodes" time="50.528" classname="QRWeb.QRHooks"/>
  <testcase name="convertingDynamicQRCodetoSTaticQRCode" time="41.210" classname="QRWeb.QRHooks"/>
  <testcase name="verifyingtheFooterLinks" time="38.073" classname="QRWeb.QRHooks"/>
  <testcase name="QRCodeValidation" time="54.941" classname="QRWeb.QRHooks"/>
  <testcase name="validatedupilcateGroup" time="14.508" classname="QRWeb.QRHooks"/>
  <testcase name="validateTheUpdateProfile" time="16.808" classname="QRWeb.QRHooks"/>
  <testcase name="covertingStaticQRCodetoDyanamicQRCode" time="59.045" classname="QRWeb.QRHooks"/>
  <testcase name="generateMultipuleDynamicQRCodes" time="58.388" classname="QRWeb.QRHooks"/>
  <testcase name="QRCOdeValidationForSubGroup" time="43.703" classname="QRWeb.QRHooks"/>
  <testcase name="createMultipuleQRCodesinSubGroup" time="61.736" classname="QRWeb.QRHooks"/>
  <testcase name="createAccount" time="29.551" classname="QRWeb.QRHooks"/>
  <testcase name="generateMultipuleDynamicQRCodesforSubGroup" time="64.166" classname="QRWeb.QRHooks"/>
</testsuite> <!-- QRWeb.QRHooks -->
